<?xml version="1.0" encoding="utf-8"?><testsuites name="pytest tests"><testsuite name="pytest" errors="0" failures="0" skipped="0" tests="18" time="27.197" timestamp="2026-02-14T10:26:29.886837+00:00" hostname="agent-env-fedf693c-9b58-4c5d-ab3a-4f98538c1942"><testcase classname="backend.tests.test_api.TestAuthFlow" name="test_register_new_user" time="0.645" /><testcase classname="backend.tests.test_api.TestAuthFlow" name="test_login_success" time="1.117" /><testcase classname="backend.tests.test_api.TestAuthFlow" name="test_login_invalid_credentials" time="0.436" /><testcase classname="backend.tests.test_api.TestAuthFlow" name="test_get_me_unauthorized" time="0.410" /><testcase classname="backend.tests.test_api.TestMarketEndpoints" name="test_market_overview" time="1.428" /><testcase classname="backend.tests.test_api.TestMarketEndpoints" name="test_market_price_single" time="0.492" /><testcase classname="backend.tests.test_api.TestSettingsEndpoints" name="test_get_settings" time="1.358" /><testcase classname="backend.tests.test_api.TestSettingsEndpoints" name="test_update_settings" time="1.640" /><testcase classname="backend.tests.test_api.TestSettingsEndpoints" name="test_theme_switching" time="2.459" /><testcase classname="backend.tests.test_api.TestChartAnalysisUpload" name="test_chart_upload_without_image" time="5.539" /><testcase classname="backend.tests.test_api.TestChartAnalysisUpload" name="test_chart_upload_with_valid_image" time="1.353" /><testcase classname="backend.tests.test_api.TestAnalysisEndpoints" name="test_analysis_history" time="1.518" /><testcase classname="backend.tests.test_api.TestAnalysisEndpoints" name="test_analysis_accuracy_stats" time="1.226" /><testcase classname="backend.tests.test_api.TestSignalsAndTrades" name="test_get_signals" time="1.235" /><testcase classname="backend.tests.test_api.TestSignalsAndTrades" name="test_generate_signals" time="2.020" /><testcase classname="backend.tests.test_api.TestSignalsAndTrades" name="test_create_and_get_trade" time="1.731" /><testcase classname="backend.tests.test_api.TestExportEndpoints" name="test_export_all_data" time="1.191" /><testcase classname="backend.tests.test_api.TestExportEndpoints" name="test_export_trades_csv" time="1.324" /></testsuite></testsuites>